
Showing logs for build [32mcb-kubecd-bdd-gh-1584515416-pr-5vlfm-1[0m stage [32mfrom-build-pack[0m and container [32mstep-credential-initializer-f7sjm[0m
{"level":"warn","ts":1584517521.8990486,"logger":"fallback-logger","caller":"logging/config.go:69","msg":"Fetch GitHub commit ID from kodata failed: \"ref: refs/heads/0.8.0-**-support-backwards-incompats\" is not a valid GitHub commit ID"}
{"level":"info","ts":1584517521.8996353,"logger":"fallback-logger","caller":"creds-init/main.go:40","msg":"Credentials initialized."}

Showing logs for build [32mcb-kubecd-bdd-gh-1584515416-pr-5vlfm-1[0m stage [32mfrom-build-pack[0m and container [32mstep-working-dir-initializer-xkvvb[0m
{"level":"warn","ts":1584517522.9281778,"logger":"fallback-logger","caller":"logging/config.go:69","msg":"Fetch GitHub commit ID from kodata failed: open /var/run/ko/HEAD: no such file or directory"}
{"level":"info","ts":1584517522.9296155,"logger":"fallback-logger","caller":"bash/main.go:64","msg":"Successfully executed command \"sh -c mkdir -p /workspace/source\"; output "}

Showing logs for build [32mcb-kubecd-bdd-gh-1584515416-pr-5vlfm-1[0m stage [32mfrom-build-pack[0m and container [32mstep-place-tools[0m

Showing logs for build [32mcb-kubecd-bdd-gh-1584515416-pr-5vlfm-1[0m stage [32mfrom-build-pack[0m and container [32mstep-git-source-cb-kubecd-bdd-gh-1584515416-pr-5vlfm-nljgv[0m
{"level":"warn","ts":1584517528.104576,"logger":"fallback-logger","caller":"logging/config.go:69","msg":"Fetch GitHub commit ID from kodata failed: \"ref: refs/heads/0.8.0-**-support-backwards-incompats\" is not a valid GitHub commit ID"}
{"level":"info","ts":1584517529.14332,"logger":"fallback-logger","caller":"git/git.go:103","msg":"Successfully cloned https://github.com/cb-kubecd/bdd-gh-1584515416.git @ master in path /workspace/source"}

Showing logs for build [32mcb-kubecd-bdd-gh-1584515416-pr-5vlfm-1[0m stage [32mfrom-build-pack[0m and container [32mstep-git-merge[0m
Using SHAs from PULL_REFS=master:3d7afa17ce4ba02dd65932b943bcd0926b2480ff,1:b16b3f3685665ec1a92a9fbfc51d0b5df377732a
DEBUG: JX_LOG_LEVEL=error LC_ALL=C git fetch origin --unshallow b16b3f3685665ec1a92a9fbfc51d0b5df377732a: 3d7afa17ce4ba02dd65932b943bcd0926b2480ff:
DEBUG: ran git fetch --unshallow origin b16b3f3685665ec1a92a9fbfc51d0b5df377732a: 3d7afa17ce4ba02dd65932b943bcd0926b2480ff: in 
DEBUG: LC_ALL=C JX_LOG_LEVEL=error git branch
DEBUG: LC_ALL=C JX_LOG_LEVEL=error git checkout master
DEBUG: ran git checkout master in 
DEBUG: LC_ALL=C JX_LOG_LEVEL=error git reset --hard 3d7afa17ce4ba02dd65932b943bcd0926b2480ff
DEBUG: ran git reset --hard 3d7afa17ce4ba02dd65932b943bcd0926b2480ff in 
DEBUG: JX_LOG_LEVEL=error LC_ALL=C git clean -fd .
DEBUG: ran clean --force -d . in 
DEBUG: LC_ALL=C JX_LOG_LEVEL=error git merge b16b3f3685665ec1a92a9fbfc51d0b5df377732a
DEBUG: ran git merge b16b3f3685665ec1a92a9fbfc51d0b5df377732a in 
DEBUG: LC_ALL=C JX_LOG_LEVEL=error git log --format=%H%x1f%an%x1f%ae%x1f%cn%x1f%ce%x1f%s%n%b%x1e 3d7afa17ce4ba02dd65932b943bcd0926b2480ff..HEAD
Merged SHA b16b3f3685665ec1a92a9fbfc51d0b5df377732a with commit message 'My first PR commit' into base branch master

Showing logs for build [32mcb-kubecd-bdd-gh-1584515416-pr-5vlfm-1[0m stage [32mfrom-build-pack[0m and container [32mstep-build-make-linux[0m
CGO_ENABLED=0 GOOS=linux GOARCH=amd64 GO15VENDOREXPERIMENT=1 go build -ldflags '' -o bin/bdd-gh-1584515416 main.go

Showing logs for build [32mcb-kubecd-bdd-gh-1584515416-pr-5vlfm-1[0m stage [32mfrom-build-pack[0m and container [32mstep-build-container-build[0m
[36mINFO[0m[0000] No base image, nothing to extract            
[36mINFO[0m[0000] cmd: EXPOSE                                  
[36mINFO[0m[0000] Adding exposed port: 8080/tcp                
[36mINFO[0m[0000] Using files from context: [/workspace/source/bin] 
[36mINFO[0m[0000] Skipping unpacking as no commands require it. 
[36mINFO[0m[0000] Taking snapshot of full filesystem...        
[36mINFO[0m[0000] EXPOSE 8080                                  
[36mINFO[0m[0000] cmd: EXPOSE                                  
[36mINFO[0m[0000] Adding exposed port: 8080/tcp                
[36mINFO[0m[0000] No files changed in this command, skipping snapshotting. 
[36mINFO[0m[0000] ENTRYPOINT ["/bdd-gh-1584515416"]            
[36mINFO[0m[0000] No files changed in this command, skipping snapshotting. 
[36mINFO[0m[0000] Using files from context: [/workspace/source/bin] 
[36mINFO[0m[0000] COPY ./bin/ /                                
[36mINFO[0m[0000] Taking snapshot of files...                  
2020/03/18 07:45:46 pushed blob: sha256:3ed3976f9f0259a7f32ba34c7c753a20a025f2a11e83d398fec713c5cf3d13bb
2020/03/18 07:45:47 pushed blob: sha256:5e57d4da58b737e2c11c1eb6c1e1995d4480a40e85e5027f6f31355a41a8a4b4
2020/03/18 07:45:48 gcr.io/jenkins-x-bdd3/bdd-gh-1584515416:0.0.0-SNAPSHOT-PR-1-1: digest: sha256:56d4e547c5d7df88e43687b1651090bc4f9cc9d01e67eb2e99f7d44bbcb021d0 size: 428

Showing logs for build [32mcb-kubecd-bdd-gh-1584515416-pr-5vlfm-1[0m stage [32mfrom-build-pack[0m and container [32mstep-postbuild-post-build[0m
no CVE provider running in the current ** namespace so skip adding image to be analysed

Showing logs for build [32mcb-kubecd-bdd-gh-1584515416-pr-5vlfm-1[0m stage [32mfrom-build-pack[0m and container [32mstep-promote-make-preview[0m
sed -i -e "s/version:.*/version: 0.0.0-SNAPSHOT-PR-1-1/" Chart.yaml
sed -i -e "s/version:.*/version: 0.0.0-SNAPSHOT-PR-1-1/" ../*/Chart.yaml
sed -i -e "s|repository:.*|repository: gcr.io\/jenkins-x-bdd3\/bdd-gh-1584515416|" values.yaml
sed -i -e "s/tag:.*/tag: 0.0.0-SNAPSHOT-PR-1-1/" values.yaml
echo "  version: 0.0.0-SNAPSHOT-PR-1-1" >> requirements.yaml
** step helm build
WARNING: No $CHART_REPOSITORY defined so using the default value of: http://jenkins-x-chartmuseum:8080
Adding missing Helm repo: storage.googleapis.com https://storage.googleapis.com/chartmuseum.jenkins-x.io
WARNING: No secrets found on "helm/repos" due: reading the secret "helm/repos" from vault: no secret "helm/repos" not found in vault
Read credentials for https://storage.googleapis.com/chartmuseum.jenkins-x.io from vault helm/repos
Successfully added Helm repository storage.googleapis.com.
Adding missing Helm repo: jenkins-x-chartmuseum http://jenkins-x-chartmuseum:8080
WARNING: No secrets found on "helm/repos" due: reading the secret "helm/repos" from vault: no secret "helm/repos" not found in vault
Read credentials for http://jenkins-x-chartmuseum:8080 from vault helm/repos
Successfully added Helm repository jenkins-x-chartmuseum.
WARNING: No $CHART_REPOSITORY defined so using the default value of: http://jenkins-x-chartmuseum:8080
Adding missing Helm repo: chartmuseum.jenkins-x.io http://chartmuseum.jenkins-x.io
WARNING: No secrets found on "helm/repos" due: reading the secret "helm/repos" from vault: no secret "helm/repos" not found in vault
Read credentials for http://chartmuseum.jenkins-x.io from vault helm/repos
Successfully added Helm repository chartmuseum.jenkins-x.io.

Showing logs for build [32mcb-kubecd-bdd-gh-1584515416-pr-5vlfm-1[0m stage [32mfrom-build-pack[0m and container [32mstep-promote-jx-preview[0m
Creating a preview
Created environment cb-kubecd-bdd-gh-1584515416-pr-1
Namespace **-cb-kubecd-bdd-gh-1584515416-pr-1 created 
expose:
  Annotations:
    helm.sh/hook: post-install,post-upgrade
    helm.sh/hook-delete-policy: hook-succeeded
  config:
    domain: 35.240.95.180.nip.io
    exposer: Ingress
    http: "true"
preview:
  image:
    repository: gcr.io/jenkins-x-bdd3/bdd-gh-1584515416
    tag: 0.0.0-SNAPSHOT-PR-1-1

Updating PipelineActivities cb-kubecd-bdd-gh-1584515416-pr-1-1 which has status Running
Preview application is now available at: http://bdd-gh-1584515416.**-cb-kubecd-bdd-gh-1584515416-pr-1.35.240.95.180.nip.io
